build/app/intermediates/manifest_merge_blame_file/debug/manifest-merger-blame-debug-report.txt
1<?xml version="1.0" encoding="utf-8"?>
2<manifest xmlns:android="http://schemas.android.com/apk/res/android"
3    package="com.example.appfi"
4    android:versionCode="1"
5    android:versionName="1.0.0" >
6
7    <uses-sdk
8        android:minSdkVersion="19"
9        android:targetSdkVersion="31" />
10    <!--
11         The INTERNET permission is required for development. Specifically,
12         the Flutter tool needs it to communicate with the running application
13         to allow setting breakpoints, to provide hot reload, etc.
14    -->
15    <uses-permission android:name="android.permission.INTERNET" />
15-->src\debug\AndroidManifest.xml:7:5-66
15-->src\debug\AndroidManifest.xml:7:22-64
16    <uses-permission android:name="android.permission.READ_EXTERNAL_STORAGE" />
16-->[:file_picker] AndroidManifest.xml:9:5-80
16-->[:file_picker] AndroidManifest.xml:9:22-77
17
18    <queries>
18-->[:file_picker] AndroidManifest.xml:11:5-17:15
19        <intent>
19-->[:file_picker] AndroidManifest.xml:12:9-16:18
20            <action android:name="android.intent.action.GET_CONTENT" />
20-->[:file_picker] AndroidManifest.xml:13:13-72
20-->[:file_picker] AndroidManifest.xml:13:21-69
21
22            <data android:mimeType="*/*" />
22-->[:file_picker] AndroidManifest.xml:15:13-44
22-->[:file_picker] AndroidManifest.xml:15:19-41
23        </intent>
24    </queries>
25
26    <uses-permission android:name="android.permission.ACCESS_NETWORK_STATE" />
26-->[com.google.firebase:firebase-auth:21.1.0] AndroidManifest.xml:24:5-79
26-->[com.google.firebase:firebase-auth:21.1.0] AndroidManifest.xml:24:22-76
27
28    <application
29        android:name="io.flutter.app.FlutterMultiDexApplication"
30        android:appComponentFactory="androidx.core.app.CoreComponentFactory"
30-->[androidx.core:core:1.6.0] AndroidManifest.xml:24:18-86
31        android:debuggable="true"
32        android:icon="@mipmap/ic_launcher"
33        android:label="appfi" >
34        <activity
35            android:name="com.example.appfi.MainActivity"
36            android:configChanges="orientation|keyboardHidden|keyboard|screenSize|smallestScreenSize|locale|layoutDirection|fontScale|screenLayout|density|uiMode"
37            android:exported="true"
38            android:hardwareAccelerated="true"
39            android:launchMode="singleTop"
40            android:theme="@style/LaunchTheme"
41            android:windowSoftInputMode="adjustResize" >
42
43            <!--
44                 Specifies an Android theme to apply to this Activity as soon as
45                 the Android process has started. This theme is visible to the user
46                 while the Flutter UI initializes. After that, this theme continues
47                 to determine the Window background behind the Flutter UI.
48            -->
49            <meta-data
50                android:name="io.flutter.embedding.android.NormalTheme"
51                android:resource="@style/NormalTheme" />
52
53            <intent-filter>
54                <action android:name="android.intent.action.MAIN" />
55
56                <category android:name="android.intent.category.LAUNCHER" />
57            </intent-filter>
58        </activity>
59        <!--
60             Don't delete the meta-data below.
61             This is used by the Flutter tool to generate GeneratedPluginRegistrant.java
62        -->
63        <meta-data
64            android:name="flutterEmbedding"
65            android:value="2" />
66
67        <service
67-->[:firebase_auth] AndroidManifest.xml:10:9-14:19
68            android:name="com.google.firebase.components.ComponentDiscoveryService"
68-->[:firebase_auth] AndroidManifest.xml:10:18-89
69            android:directBootAware="true"
69-->[com.google.firebase:firebase-common:20.2.0] AndroidManifest.xml:34:13-43
70            android:exported="false" >
70-->[com.google.firebase:firebase-auth:21.1.0] AndroidManifest.xml:66:13-37
71            <meta-data
71-->[:firebase_auth] AndroidManifest.xml:11:13-13:85
72                android:name="com.google.firebase.components:io.flutter.plugins.firebase.auth.FlutterFirebaseAuthRegistrar"
72-->[:firebase_auth] AndroidManifest.xml:12:17-124
73                android:value="com.google.firebase.components.ComponentRegistrar" />
73-->[:firebase_auth] AndroidManifest.xml:13:17-82
74            <meta-data
74-->[:firebase_storage] AndroidManifest.xml:11:13-13:85
75                android:name="com.google.firebase.components:io.flutter.plugins.firebase.storage.FlutterFirebaseAppRegistrar"
75-->[:firebase_storage] AndroidManifest.xml:12:17-126
76                android:value="com.google.firebase.components.ComponentRegistrar" />
76-->[:firebase_storage] AndroidManifest.xml:13:17-82
77            <meta-data
77-->[:cloud_firestore] AndroidManifest.xml:11:13-13:85
78                android:name="com.google.firebase.components:io.flutter.plugins.firebase.firestore.FlutterFirebaseFirestoreRegistrar"
78-->[:cloud_firestore] AndroidManifest.xml:12:17-134
79                android:value="com.google.firebase.components.ComponentRegistrar" />
79-->[:cloud_firestore] AndroidManifest.xml:13:17-82
80            <meta-data
80-->[:firebase_core] AndroidManifest.xml:11:13-13:85
81                android:name="com.google.firebase.components:io.flutter.plugins.firebase.core.FlutterFirebaseCoreRegistrar"
81-->[:firebase_core] AndroidManifest.xml:12:17-124
82                android:value="com.google.firebase.components.ComponentRegistrar" />
82-->[:firebase_core] AndroidManifest.xml:13:17-82
83            <meta-data
83-->[com.google.firebase:firebase-auth:21.1.0] AndroidManifest.xml:67:13-69:85
84                android:name="com.google.firebase.components:com.google.firebase.auth.FirebaseAuthRegistrar"
84-->[com.google.firebase:firebase-auth:21.1.0] AndroidManifest.xml:68:17-109
85                android:value="com.google.firebase.components.ComponentRegistrar" />
85-->[com.google.firebase:firebase-auth:21.1.0] AndroidManifest.xml:69:17-82
86            <meta-data
86-->[com.google.firebase:firebase-firestore:24.4.1] AndroidManifest.xml:19:13-21:85
87                android:name="com.google.firebase.components:com.google.firebase.firestore.FirestoreRegistrar"
87-->[com.google.firebase:firebase-firestore:24.4.1] AndroidManifest.xml:20:17-111
88                android:value="com.google.firebase.components.ComponentRegistrar" />
88-->[com.google.firebase:firebase-firestore:24.4.1] AndroidManifest.xml:21:17-82
89            <meta-data
89-->[com.google.firebase:firebase-storage:20.1.0] AndroidManifest.xml:32:13-34:85
90                android:name="com.google.firebase.components:com.google.firebase.storage.StorageRegistrar"
90-->[com.google.firebase:firebase-storage:20.1.0] AndroidManifest.xml:33:17-107
91                android:value="com.google.firebase.components.ComponentRegistrar" />
91-->[com.google.firebase:firebase-storage:20.1.0] AndroidManifest.xml:34:17-82
92        </service>
93
94        <uses-library
94-->[androidx.window:window:1.0.0-beta04] AndroidManifest.xml:25:9-27:40
95            android:name="androidx.window.extensions"
95-->[androidx.window:window:1.0.0-beta04] AndroidManifest.xml:26:13-54
96            android:required="false" />
96-->[androidx.window:window:1.0.0-beta04] AndroidManifest.xml:27:13-37
97        <uses-library
97-->[androidx.window:window:1.0.0-beta04] AndroidManifest.xml:28:9-30:40
98            android:name="androidx.window.sidecar"
98-->[androidx.window:window:1.0.0-beta04] AndroidManifest.xml:29:13-51
99            android:required="false" />
99-->[androidx.window:window:1.0.0-beta04] AndroidManifest.xml:30:13-37
100
101        <activity
101-->[com.google.firebase:firebase-auth:21.1.0] AndroidManifest.xml:27:9-44:20
102            android:name="com.google.firebase.auth.internal.GenericIdpActivity"
102-->[com.google.firebase:firebase-auth:21.1.0] AndroidManifest.xml:28:13-80
103            android:excludeFromRecents="true"
103-->[com.google.firebase:firebase-auth:21.1.0] AndroidManifest.xml:29:13-46
104            android:exported="true"
104-->[com.google.firebase:firebase-auth:21.1.0] AndroidManifest.xml:30:13-36
105            android:launchMode="singleTask"
105-->[com.google.firebase:firebase-auth:21.1.0] AndroidManifest.xml:31:13-44
106            android:theme="@android:style/Theme.Translucent.NoTitleBar" >
106-->[com.google.firebase:firebase-auth:21.1.0] AndroidManifest.xml:32:13-72
107            <intent-filter>
107-->[com.google.firebase:firebase-auth:21.1.0] AndroidManifest.xml:33:13-43:29
108                <action android:name="android.intent.action.VIEW" />
108-->[com.google.firebase:firebase-auth:21.1.0] AndroidManifest.xml:34:17-69
108-->[com.google.firebase:firebase-auth:21.1.0] AndroidManifest.xml:34:25-66
109
110                <category android:name="android.intent.category.DEFAULT" />
110-->[com.google.firebase:firebase-auth:21.1.0] AndroidManifest.xml:36:17-76
110-->[com.google.firebase:firebase-auth:21.1.0] AndroidManifest.xml:36:27-73
111                <category android:name="android.intent.category.BROWSABLE" />
111-->[com.google.firebase:firebase-auth:21.1.0] AndroidManifest.xml:37:17-78
111-->[com.google.firebase:firebase-auth:21.1.0] AndroidManifest.xml:37:27-75
112
113                <data
113-->[:file_picker] AndroidManifest.xml:15:13-44
114                    android:host="firebase.auth"
115                    android:path="/"
116                    android:scheme="genericidp" />
117            </intent-filter>
118        </activity>
119        <activity
119-->[com.google.firebase:firebase-auth:21.1.0] AndroidManifest.xml:45:9-62:20
120            android:name="com.google.firebase.auth.internal.RecaptchaActivity"
120-->[com.google.firebase:firebase-auth:21.1.0] AndroidManifest.xml:46:13-79
121            android:excludeFromRecents="true"
121-->[com.google.firebase:firebase-auth:21.1.0] AndroidManifest.xml:47:13-46
122            android:exported="true"
122-->[com.google.firebase:firebase-auth:21.1.0] AndroidManifest.xml:48:13-36
123            android:launchMode="singleTask"
123-->[com.google.firebase:firebase-auth:21.1.0] AndroidManifest.xml:49:13-44
124            android:theme="@android:style/Theme.Translucent.NoTitleBar" >
124-->[com.google.firebase:firebase-auth:21.1.0] AndroidManifest.xml:50:13-72
125            <intent-filter>
125-->[com.google.firebase:firebase-auth:21.1.0] AndroidManifest.xml:51:13-61:29
126                <action android:name="android.intent.action.VIEW" />
126-->[com.google.firebase:firebase-auth:21.1.0] AndroidManifest.xml:34:17-69
126-->[com.google.firebase:firebase-auth:21.1.0] AndroidManifest.xml:34:25-66
127
128                <category android:name="android.intent.category.DEFAULT" />
128-->[com.google.firebase:firebase-auth:21.1.0] AndroidManifest.xml:36:17-76
128-->[com.google.firebase:firebase-auth:21.1.0] AndroidManifest.xml:36:27-73
129                <category android:name="android.intent.category.BROWSABLE" />
129-->[com.google.firebase:firebase-auth:21.1.0] AndroidManifest.xml:37:17-78
129-->[com.google.firebase:firebase-auth:21.1.0] AndroidManifest.xml:37:27-75
130
131                <data
131-->[:file_picker] AndroidManifest.xml:15:13-44
132                    android:host="firebase.auth"
133                    android:path="/"
134                    android:scheme="recaptcha" />
135            </intent-filter>
136        </activity>
137
138        <provider
138-->[com.google.firebase:firebase-common:20.2.0] AndroidManifest.xml:25:9-30:39
139            android:name="com.google.firebase.provider.FirebaseInitProvider"
139-->[com.google.firebase:firebase-common:20.2.0] AndroidManifest.xml:26:13-77
140            android:authorities="com.example.appfi.firebaseinitprovider"
140-->[com.google.firebase:firebase-common:20.2.0] AndroidManifest.xml:27:13-72
141            android:directBootAware="true"
141-->[com.google.firebase:firebase-common:20.2.0] AndroidManifest.xml:28:13-43
142            android:exported="false"
142-->[com.google.firebase:firebase-common:20.2.0] AndroidManifest.xml:29:13-37
143            android:initOrder="100" />
143-->[com.google.firebase:firebase-common:20.2.0] AndroidManifest.xml:30:13-36
144
145        <activity
145-->[com.google.android.gms:play-services-base:18.0.1] AndroidManifest.xml:20:9-22:45
146            android:name="com.google.android.gms.common.api.GoogleApiActivity"
146-->[com.google.android.gms:play-services-base:18.0.1] AndroidManifest.xml:20:19-85
147            android:exported="false"
147-->[com.google.android.gms:play-services-base:18.0.1] AndroidManifest.xml:22:19-43
148            android:theme="@android:style/Theme.Translucent.NoTitleBar" />
148-->[com.google.android.gms:play-services-base:18.0.1] AndroidManifest.xml:21:19-78
149
150        <meta-data
150-->[com.google.android.gms:play-services-basement:18.1.0] AndroidManifest.xml:21:9-23:69
151            android:name="com.google.android.gms.version"
151-->[com.google.android.gms:play-services-basement:18.1.0] AndroidManifest.xml:22:13-58
152            android:value="@integer/google_play_services_version" />
152-->[com.google.android.gms:play-services-basement:18.1.0] AndroidManifest.xml:23:13-66
153    </application>
154
155</manifest>